Using pre-set license
Built from '2021.3/staging' branch; Version is '2021.3.16f1 (4016570cf34f) revision 4200023'; Using compiler version '192829333'; Build Type 'Release'
OS: 'Windows 10  (10.0.19044) 64bit Core' Language: 'en' Physical Memory: 8084 MB
BatchMode: 1, IsHumanControllingUs: 0, StartBugReporterOnCrash: 0, Is64bit: 1, IsPro: 1

COMMAND LINE ARGUMENTS:
C:\Program Files\Unity\Hub\Editor\2021.3.16f1\Editor\Unity.exe
-adb2
-batchMode
-noUpm
-name
AssetImportWorker0
-projectPath
D:/CS292/Gravebuilder/Grave Builder Project
-logFile
Logs/AssetImportWorker0.log
-srvPort
56457
Successfully changed project path to: D:/CS292/Gravebuilder/Grave Builder Project
D:/CS292/Gravebuilder/Grave Builder Project
[UnityMemory] Configuration Parameters - Can be set up in boot.config
    "memorysetup-bucket-allocator-granularity=16"
    "memorysetup-bucket-allocator-bucket-count=8"
    "memorysetup-bucket-allocator-block-size=33554432"
    "memorysetup-bucket-allocator-block-count=8"
    "memorysetup-main-allocator-block-size=16777216"
    "memorysetup-thread-allocator-block-size=16777216"
    "memorysetup-gfx-main-allocator-block-size=16777216"
    "memorysetup-gfx-thread-allocator-block-size=16777216"
    "memorysetup-cache-allocator-block-size=4194304"
    "memorysetup-typetree-allocator-block-size=2097152"
    "memorysetup-profiler-bucket-allocator-granularity=16"
    "memorysetup-profiler-bucket-allocator-bucket-count=8"
    "memorysetup-profiler-bucket-allocator-block-size=33554432"
    "memorysetup-profiler-bucket-allocator-block-count=8"
    "memorysetup-profiler-allocator-block-size=16777216"
    "memorysetup-profiler-editor-allocator-block-size=1048576"
    "memorysetup-temp-allocator-size-main=16777216"
    "memorysetup-job-temp-allocator-block-size=2097152"
    "memorysetup-job-temp-allocator-block-size-background=1048576"
    "memorysetup-job-temp-allocator-reduction-small-platforms=262144"
    "memorysetup-temp-allocator-size-background-worker=32768"
    "memorysetup-temp-allocator-size-job-worker=262144"
    "memorysetup-temp-allocator-size-preload-manager=33554432"
    "memorysetup-temp-allocator-size-nav-mesh-worker=65536"
    "memorysetup-temp-allocator-size-audio-worker=65536"
    "memorysetup-temp-allocator-size-cloud-worker=32768"
    "memorysetup-temp-allocator-size-gi-baking-worker=262144"
    "memorysetup-temp-allocator-size-gfx=262144"
Player connection [6148] Host "[IP] 10.4.5.134 [Port] 0 [Flags] 2 [Guid] 1434218810 [EditorId] 1434218810 [Version] 1048832 [Id] WindowsEditor(7,DESKTOP-TETE7BV) [Debug] 1 [PackageName] WindowsEditor [ProjectName] Editor" joined multi-casting on [225.0.0.222:54997]...

Player connection [6148] Host "[IP] 10.4.5.134 [Port] 0 [Flags] 2 [Guid] 1434218810 [EditorId] 1434218810 [Version] 1048832 [Id] WindowsEditor(7,DESKTOP-TETE7BV) [Debug] 1 [PackageName] WindowsEditor [ProjectName] Editor" joined alternative multi-casting on [225.0.0.222:34997]...

Refreshing native plugins compatible for Editor in 136.36 ms, found 4 plugins.
Preloading 0 native plugins for Editor in 0.00 ms.
Initialize engine version: 2021.3.16f1 (4016570cf34f)
[Subsystems] Discovering subsystems at path C:/Program Files/Unity/Hub/Editor/2021.3.16f1/Editor/Data/Resources/UnitySubsystems
[Subsystems] Discovering subsystems at path D:/CS292/Gravebuilder/Grave Builder Project/Assets
GfxDevice: creating device client; threaded=0; jobified=0
Direct3D:
    Version:  Direct3D 11.0 [level 11.1]
    Renderer: NVIDIA GeForce GTX 1050 Ti (ID=0x1c8c)
    Vendor:   NVIDIA
    VRAM:     4021 MB
    Driver:   30.0.15.1179
Initialize mono
Mono path[0] = 'C:/Program Files/Unity/Hub/Editor/2021.3.16f1/Editor/Data/Managed'
Mono path[1] = 'C:/Program Files/Unity/Hub/Editor/2021.3.16f1/Editor/Data/MonoBleedingEdge/lib/mono/unityjit-win32'
Mono config path = 'C:/Program Files/Unity/Hub/Editor/2021.3.16f1/Editor/Data/MonoBleedingEdge/etc'
Using monoOptions --debugger-agent=transport=dt_socket,embedding=1,server=y,suspend=n,address=127.0.0.1:56816
Begin MonoManager ReloadAssembly
Registering precompiled unity dll's ...
Register platform support module: C:/Program Files/Unity/Hub/Editor/2021.3.16f1/Editor/Data/PlaybackEngines/WebGLSupport/UnityEditor.WebGL.Extensions.dll
Register platform support module: C:/Program Files/Unity/Hub/Editor/2021.3.16f1/Editor/Data/PlaybackEngines/WindowsStandaloneSupport/UnityEditor.WindowsStandalone.Extensions.dll
Registered in 0.012952 seconds.
Native extension for WindowsStandalone target not found
Native extension for WebGL target not found
Refreshing native plugins compatible for Editor in 133.79 ms, found 4 plugins.
Preloading 0 native plugins for Editor in 0.00 ms.
Mono: successfully reloaded assembly
- Completed reload, in  1.128 seconds
Domain Reload Profiling:
	ReloadAssembly (1129ms)
		BeginReloadAssembly (146ms)
			ExecutionOrderSort (0ms)
			DisableScriptedObjects (0ms)
			BackupInstance (0ms)
			ReleaseScriptingObjects (0ms)
			CreateAndSetChildDomain (1ms)
		EndReloadAssembly (789ms)
			LoadAssemblies (142ms)
			RebuildTransferFunctionScriptingTraits (0ms)
			SetupTypeCache (190ms)
			ReleaseScriptCaches (0ms)
			RebuildScriptCaches (44ms)
			SetupLoadedEditorAssemblies (474ms)
				LogAssemblyErrors (0ms)
				InitializePlatformSupportModulesInManaged (20ms)
				SetLoadedEditorAssemblies (0ms)
				RefreshPlugins (134ms)
				BeforeProcessingInitializeOnLoad (2ms)
				ProcessInitializeOnLoadAttributes (236ms)
				ProcessInitializeOnLoadMethodAttributes (81ms)
				AfterProcessingInitializeOnLoad (0ms)
				EditorAssembliesLoaded (0ms)
			ExecutionOrderSort2 (0ms)
			AwakeInstancesAfterBackupRestoration (0ms)
Platform modules already initialized, skipping
Registering precompiled user dll's ...
Registered in 0.009872 seconds.
Begin MonoManager ReloadAssembly
Symbol file LoadedFromMemory doesn't match image D:\CS292\Gravebuilder\Grave Builder Project\Library\PackageCache\com.unity.visualscripting@1.7.8\Editor\VisualScripting.Core\Dependencies\YamlDotNet\Unity.VisualScripting.YamlDotNet.dll
Symbol file LoadedFromMemory doesn't match image D:\CS292\Gravebuilder\Grave Builder Project\Library\PackageCache\com.unity.visualscripting@1.7.8\Editor\VisualScripting.Core\Dependencies\DotNetZip\Unity.VisualScripting.IonicZip.dll
Native extension for WindowsStandalone target not found
Native extension for WebGL target not found
Refreshing native plugins compatible for Editor in 145.07 ms, found 4 plugins.
Preloading 0 native plugins for Editor in 0.00 ms.
Mono: successfully reloaded assembly
- Completed reload, in  1.750 seconds
Domain Reload Profiling:
	ReloadAssembly (1752ms)
		BeginReloadAssembly (198ms)
			ExecutionOrderSort (0ms)
			DisableScriptedObjects (10ms)
			BackupInstance (0ms)
			ReleaseScriptingObjects (0ms)
			CreateAndSetChildDomain (32ms)
		EndReloadAssembly (1364ms)
			LoadAssemblies (164ms)
			RebuildTransferFunctionScriptingTraits (0ms)
			SetupTypeCache (430ms)
			ReleaseScriptCaches (1ms)
			RebuildScriptCaches (69ms)
			SetupLoadedEditorAssemblies (674ms)
				LogAssemblyErrors (0ms)
				InitializePlatformSupportModulesInManaged (9ms)
				SetLoadedEditorAssemblies (0ms)
				RefreshPlugins (145ms)
				BeforeProcessingInitializeOnLoad (127ms)
				ProcessInitializeOnLoadAttributes (330ms)
				ProcessInitializeOnLoadMethodAttributes (52ms)
				AfterProcessingInitializeOnLoad (11ms)
				EditorAssembliesLoaded (0ms)
			ExecutionOrderSort2 (0ms)
			AwakeInstancesAfterBackupRestoration (8ms)
Platform modules already initialized, skipping
========================================================================
Worker process is ready to serve import requests
Launched and connected shader compiler UnityShaderCompiler.exe after 0.06 seconds
Refreshing native plugins compatible for Editor in 1.68 ms, found 4 plugins.
Preloading 0 native plugins for Editor in 0.00 ms.
Unloading 4064 Unused Serialized files (Serialized files now loaded: 0)
Unloading 38 unused Assets / (56.2 KB). Loaded Objects now: 4521.
Memory consumption went from 153.1 MB to 153.0 MB.
Total: 6.189000 ms (FindLiveObjects: 0.623700 ms CreateObjectMapping: 0.538100 ms MarkObjects: 4.923200 ms  DeleteObjects: 0.102200 ms)

AssetImportParameters requested are different than current active one (requested -> active):
  custom:video-decoder-ogg-theora: a1e56fd34408186e4bbccfd4996cb3dc -> 
  custom:container-muxer-webm: aa71ff27fc2769a1b78a27578f13a17b -> 
  custom:container-demuxer-webm: 4f35f7cbe854078d1ac9338744f61a02 -> 
  custom:video-encoder-webm-vp8: eb34c28f22e8b96e1ab97ce403110664 -> 
  custom:audio-encoder-webm-vorbis: bf7c407c2cedff20999df2af8eb42d56 -> 
  custom:framework-win-MediaFoundation: 216162199b28c13a410421893ffa2e32 -> 
  custom:container-demuxer-ogg: 62fdf1f143b41e24485cea50d1cbac27 -> 
  custom:video-decoder-webm-vp8: 9c59270c3fd7afecdb556c50c9e8de78 -> 
  custom:audio-decoder-ogg-vorbis: bf7c407c2cedff20999df2af8eb42d56 -> 
========================================================================
Received Import Request.
  Time since last request: 296674.366067 seconds.
  path: Assets/Scripts/large_slime_spawning.cs
  artifactKey: Guid(6bc8e96012b9f744fa93aed219238ed0) Importer(815301076,1909f56bfc062723c751e8b465ee728b)
Start importing Assets/Scripts/large_slime_spawning.cs using Guid(6bc8e96012b9f744fa93aed219238ed0) Importer(815301076,1909f56bfc062723c751e8b465ee728b)  -> (artifact id: '11660af766bf30de42006357645111d9') in 0.041554 seconds 
========================================================================
Received Import Request.
  Time since last request: 0.029839 seconds.
  path: Assets/Scripts/initial_move_dir.cs
  artifactKey: Guid(af7d0f780d199ab459b3435ad7bc4e5b) Importer(815301076,1909f56bfc062723c751e8b465ee728b)
Start importing Assets/Scripts/initial_move_dir.cs using Guid(af7d0f780d199ab459b3435ad7bc4e5b) Importer(815301076,1909f56bfc062723c751e8b465ee728b)  -> (artifact id: '7e8be16c69377e04817e1e104585d158') in 0.018521 seconds 
========================================================================
Received Import Request.
  Time since last request: 0.369026 seconds.
  path: Assets/Scripts/ChangeSceneWithButton.cs
  artifactKey: Guid(7785e9008a7798042a93ba8ddaecc154) Importer(815301076,1909f56bfc062723c751e8b465ee728b)
Start importing Assets/Scripts/ChangeSceneWithButton.cs using Guid(7785e9008a7798042a93ba8ddaecc154) Importer(815301076,1909f56bfc062723c751e8b465ee728b)  -> (artifact id: 'db59ce68d74243fd48ea63c6f93135ef') in 0.010794 seconds 
========================================================================
Received Import Request.
  Time since last request: 0.451188 seconds.
  path: Assets/Scripts/change_move_dir.cs
  artifactKey: Guid(259a5c5bbb9a5fb43ae0636ee8e956bb) Importer(815301076,1909f56bfc062723c751e8b465ee728b)
Start importing Assets/Scripts/change_move_dir.cs using Guid(259a5c5bbb9a5fb43ae0636ee8e956bb) Importer(815301076,1909f56bfc062723c751e8b465ee728b)  -> (artifact id: '96792f0d9a9fd0fedfb527de1e11a314') in 0.010423 seconds 
========================================================================
Received Import Request.
  Time since last request: 24.266783 seconds.
  path: Assets/Scenes/pixel-art-sprite-stone-dirt-vector-10644353.jpg
  artifactKey: Guid(48172b301d5ec654c82c339ac923ca8e) Importer(815301076,1909f56bfc062723c751e8b465ee728b)
Start importing Assets/Scenes/pixel-art-sprite-stone-dirt-vector-10644353.jpg using Guid(48172b301d5ec654c82c339ac923ca8e) Importer(815301076,1909f56bfc062723c751e8b465ee728b)  -> (artifact id: 'a9d8a615a16cd8a7385ed69742fdfb91') in 0.194096 seconds 
========================================================================
Received Import Request.
  Time since last request: 9.189570 seconds.
  path: Assets/Objects/0b98aa531b5b60704df56da9e17b7bea.jpg
  artifactKey: Guid(4faa20d0e863b4445b2b639acbd03fea) Importer(815301076,1909f56bfc062723c751e8b465ee728b)
Start importing Assets/Objects/0b98aa531b5b60704df56da9e17b7bea.jpg using Guid(4faa20d0e863b4445b2b639acbd03fea) Importer(815301076,1909f56bfc062723c751e8b465ee728b)  -> (artifact id: '8878fa529cad58a3534a538efc8d9689') in 0.097455 seconds 
========================================================================
Received Import Request.
  Time since last request: 0.000023 seconds.
  path: Assets/Objects/gregory-ligman-brickwall.jpg
  artifactKey: Guid(90b644f8de0e60e4f940d7d2fa837444) Importer(815301076,1909f56bfc062723c751e8b465ee728b)
Start importing Assets/Objects/gregory-ligman-brickwall.jpg using Guid(90b644f8de0e60e4f940d7d2fa837444) Importer(815301076,1909f56bfc062723c751e8b465ee728b)  -> (artifact id: '9d29c588a0150128547fd9558374d06c') in 0.109674 seconds 
========================================================================
Received Import Request.
  Time since last request: 1.027514 seconds.
  path: Assets/Pixel Font - Tripfive/Bloxat-PDoE SDF.asset
  artifactKey: Guid(7a4e0b1178b9e5a45a383dabd4dd26ba) Importer(815301076,1909f56bfc062723c751e8b465ee728b)
Start importing Assets/Pixel Font - Tripfive/Bloxat-PDoE SDF.asset using Guid(7a4e0b1178b9e5a45a383dabd4dd26ba) Importer(815301076,1909f56bfc062723c751e8b465ee728b)  -> (artifact id: 'd7d1cb00cd43c5c3cf28da95beec9b21') in 0.082175 seconds 
========================================================================
Received Import Request.
  Time since last request: 0.000068 seconds.
  path: Assets/Pixel Font - Tripfive/Tripfive-EX.mat
  artifactKey: Guid(df856cdb9110140419b5d535c1a57636) Importer(815301076,1909f56bfc062723c751e8b465ee728b)
Start importing Assets/Pixel Font - Tripfive/Tripfive-EX.mat using Guid(df856cdb9110140419b5d535c1a57636) Importer(815301076,1909f56bfc062723c751e8b465ee728b)  -> (artifact id: 'ba5e2430492b6fe3d186052c3efb9933') in 0.111814 seconds 
========================================================================
Received Import Request.
  Time since last request: 0.637940 seconds.
  path: Assets/Prefabs/Large_Slime.prefab
  artifactKey: Guid(3f487223f3cdc3241b7994229eccc245) Importer(815301076,1909f56bfc062723c751e8b465ee728b)
Start importing Assets/Prefabs/Large_Slime.prefab using Guid(3f487223f3cdc3241b7994229eccc245) Importer(815301076,1909f56bfc062723c751e8b465ee728b)  -> (artifact id: 'cefda61fb9c2073b61af600c0bb5c85c') in 0.038642 seconds 
========================================================================
Received Import Request.
  Time since last request: 0.000028 seconds.
  path: Assets/Prefabs/Well.prefab
  artifactKey: Guid(51c8f2ecd53be9043a6376c5fab8421c) Importer(815301076,1909f56bfc062723c751e8b465ee728b)
Start importing Assets/Prefabs/Well.prefab using Guid(51c8f2ecd53be9043a6376c5fab8421c) Importer(815301076,1909f56bfc062723c751e8b465ee728b)  -> (artifact id: 'd056402bf78ed0dee7a26d2979ba6e38') in 0.026235 seconds 
========================================================================
Received Import Request.
  Time since last request: 0.000035 seconds.
  path: Assets/Prefabs/Player.prefab
  artifactKey: Guid(bc4a46e8f1ffeea4f9e516524f69ee00) Importer(815301076,1909f56bfc062723c751e8b465ee728b)
Start importing Assets/Prefabs/Player.prefab using Guid(bc4a46e8f1ffeea4f9e516524f69ee00) Importer(815301076,1909f56bfc062723c751e8b465ee728b)  -> (artifact id: '898a65ad273ce48b20ef7cdec45bca79') in 0.015824 seconds 
